# JRE version: Java(TM) SE Runtime Environment (8.0_65-b17) (build 1.8.0_65-b17)
# Java VM: Java HotSpot(TM) Client VM (25.65-b01 mixed mode windows-x86 )
Heap:
 def new generation   total 4928K, used 4147K [0x04600000, 0x04b50000, 0x09b50000)
  eden space 4416K,  93% used [0x04600000, 0x04a09e40, 0x04a50000)
  from space 512K,   2% used [0x04a50000, 0x04a52ec8, 0x04ad0000)
  to   space 512K,   0% used [0x04ad0000, 0x04ad0000, 0x04b50000)
 tenured generation   total 10944K, used 9291K [0x09b50000, 0x0a600000, 0x14600000)
   the space 10944K,  84% used [0x09b50000, 0x0a462dc0, 0x0a462e00, 0x0a600000)
 Metaspace       used 5549K, capacity 5736K, committed 5760K, reserved 6528K
GC Heap History (10 events):
Event: 13.864 GC heap before
{Heap before GC invocations=5 (full 0):
 def new generation   total 4928K, used 4782K [0x04600000, 0x04b50000, 0x09b50000)
  eden space 4416K, 100% used [0x04600000, 0x04a50000, 0x04a50000)
  from space 512K,  71% used [0x04ad0000, 0x04b2bad0, 0x04b50000)
  to   space 512K,   0% used [0x04a50000, 0x04a50000, 0x04ad0000)
 tenured generation   total 10944K, used 8644K [0x09b50000, 0x0a600000, 0x14600000)
   the space 10944K,  78% used [0x09b50000, 0x0a3c12d0, 0x0a3c1400, 0x0a600000)
 Metaspace       used 5548K, capacity 5736K, committed 5760K, reserved 6528K
Event: 13.866 GC heap after
Heap after GC invocations=6 (full 0):
 def new generation   total 4928K, used 324K [0x04600000, 0x04b50000, 0x09b50000)
  eden space 4416K,   0% used [0x04600000, 0x04600000, 0x04a50000)
  from space 512K,  63% used [0x04a50000, 0x04aa12e8, 0x04ad0000)
  to   space 512K,   0% used [0x04ad0000, 0x04ad0000, 0x04b50000)
 tenured generation   total 10944K, used 8967K [0x09b50000, 0x0a600000, 0x14600000)
   the space 10944K,  81% used [0x09b50000, 0x0a411cc0, 0x0a411e00, 0x0a600000)
 Metaspace       used 5548K, capacity 5736K, committed 5760K, reserved 6528K
}
Event: 71.488 GC heap before
{Heap before GC invocations=6 (full 0):
 def new generation   total 4928K, used 4740K [0x04600000, 0x04b50000, 0x09b50000)
  eden space 4416K, 100% used [0x04600000, 0x04a50000, 0x04a50000)
  from space 512K,  63% used [0x04a50000, 0x04aa12e8, 0x04ad0000)
  to   space 512K,   0% used [0x04ad0000, 0x04ad0000, 0x04b50000)
 tenured generation   total 10944K, used 8967K [0x09b50000, 0x0a600000, 0x14600000)
   the space 10944K,  81% used [0x09b50000, 0x0a411cc0, 0x0a411e00, 0x0a600000)
 Metaspace       used 5549K, capacity 5736K, committed 5760K, reserved 6528K
Event: 71.489 GC heap after
Heap after GC invocations=7 (full 0):
 def new generation   total 4928K, used 13K [0x04600000, 0x04b50000, 0x09b50000)
  eden space 4416K,   0% used [0x04600000, 0x04600000, 0x04a50000)
  from space 512K,   2% used [0x04ad0000, 0x04ad34c0, 0x04b50000)
  to   space 512K,   0% used [0x04a50000, 0x04a50000, 0x04ad0000)
 tenured generation   total 10944K, used 9291K [0x09b50000, 0x0a600000, 0x14600000)
   the space 10944K,  84% used [0x09b50000, 0x0a462dc0, 0x0a462e00, 0x0a600000)
 Metaspace       used 5549K, capacity 5736K, committed 5760K, reserved 6528K
}
Event: 118.117 GC heap before
{Heap before GC invocations=7 (full 0):
 def new generation   total 4928K, used 4429K [0x04600000, 0x04b50000, 0x09b50000)
  eden space 4416K, 100% used [0x04600000, 0x04a50000, 0x04a50000)
  from space 512K,   2% used [0x04ad0000, 0x04ad34c0, 0x04b50000)
  to   space 512K,   0% used [0x04a50000, 0x04a50000, 0x04ad0000)
 tenured generation   total 10944K, used 9291K [0x09b50000, 0x0a600000, 0x14600000)
   the space 10944K,  84% used [0x09b50000, 0x0a462dc0, 0x0a462e00, 0x0a600000)
 Metaspace       used 5549K, capacity 5736K, committed 5760K, reserved 6528K
Event: 118.119 GC heap after
Heap after GC invocations=8 (full 0):
 def new generation   total 4928K, used 11K [0x04600000, 0x04b50000, 0x09b50000)
  eden space 4416K,   0% used [0x04600000, 0x04600000, 0x04a50000)
  from space 512K,   2% used [0x04a50000, 0x04a52ef8, 0x04ad0000)
  to   space 512K,   0% used [0x04ad0000, 0x04ad0000, 0x04b50000)
 tenured generation   total 10944K, used 9291K [0x09b50000, 0x0a600000, 0x14600000)
   the space 10944K,  84% used [0x09b50000, 0x0a462dc0, 0x0a462e00, 0x0a600000)
 Metaspace       used 5549K, capacity 5736K, committed 5760K, reserved 6528K
}
Event: 354.400 GC heap before
{Heap before GC invocations=8 (full 0):
 def new generation   total 4928K, used 4427K [0x04600000, 0x04b50000, 0x09b50000)
  eden space 4416K, 100% used [0x04600000, 0x04a50000, 0x04a50000)
  from space 512K,   2% used [0x04a50000, 0x04a52ef8, 0x04ad0000)
  to   space 512K,   0% used [0x04ad0000, 0x04ad0000, 0x04b50000)
 tenured generation   total 10944K, used 9291K [0x09b50000, 0x0a600000, 0x14600000)
   the space 10944K,  84% used [0x09b50000, 0x0a462dc0, 0x0a462e00, 0x0a600000)
 Metaspace       used 5549K, capacity 5736K, committed 5760K, reserved 6528K
Event: 354.401 GC heap after
Heap after GC invocations=9 (full 0):
 def new generation   total 4928K, used 11K [0x04600000, 0x04b50000, 0x09b50000)
  eden space 4416K,   0% used [0x04600000, 0x04600000, 0x04a50000)
  from space 512K,   2% used [0x04ad0000, 0x04ad2ee0, 0x04b50000)
  to   space 512K,   0% used [0x04a50000, 0x04a50000, 0x04ad0000)
 tenured generation   total 10944K, used 9291K [0x09b50000, 0x0a600000, 0x14600000)
   the space 10944K,  84% used [0x09b50000, 0x0a462dc0, 0x0a462e00, 0x0a600000)
 Metaspace       used 5549K, capacity 5736K, committed 5760K, reserved 6528K
}
Event: 617.549 GC heap before
{Heap before GC invocations=9 (full 0):
 def new generation   total 4928K, used 4427K [0x04600000, 0x04b50000, 0x09b50000)
  eden space 4416K, 100% used [0x04600000, 0x04a50000, 0x04a50000)
  from space 512K,   2% used [0x04ad0000, 0x04ad2ee0, 0x04b50000)
  to   space 512K,   0% used [0x04a50000, 0x04a50000, 0x04ad0000)
 tenured generation   total 10944K, used 9291K [0x09b50000, 0x0a600000, 0x14600000)
   the space 10944K,  84% used [0x09b50000, 0x0a462dc0, 0x0a462e00, 0x0a600000)
 Metaspace       used 5549K, capacity 5736K, committed 5760K, reserved 6528K
Event: 617.549 GC heap after
Heap after GC invocations=10 (full 0):
 def new generation   total 4928K, used 11K [0x04600000, 0x04b50000, 0x09b50000)
  eden space 4416K,   0% used [0x04600000, 0x04600000, 0x04a50000)
  from space 512K,   2% used [0x04a50000, 0x04a52ec8, 0x04ad0000)
  to   space 512K,   0% used [0x04ad0000, 0x04ad0000, 0x04b50000)
 tenured generation   total 10944K, used 9291K [0x09b50000, 0x0a600000, 0x14600000)
   the space 10944K,  84% used [0x09b50000, 0x0a462dc0, 0x0a462e00, 0x0a600000)
 Metaspace       used 5549K, capacity 5736K, committed 5760K, reserved 6528K
}

